[dotenv@17.2.1] injecting env (0) from .env -- tip: ⚙️  specify custom .env file path with { path: '/custom/path/.env' }
Pats Cloud running on http://localhost:3000
[0mPOST /login [32m200[0m 10.405 ms - 11[0m
[0mGET /file/range.bin [32m206[0m 2.783 ms - 1024[0m
[0mGET /file/range.bin [32m206[0m 0.979 ms - 1024[0m
[0mGET /api/storage [33m401[0m 0.401 ms - 24[0m
[0mGET /api/storage [33m401[0m 0.626 ms - 24[0m
[0mGET / [32m200[0m 2.623 ms - 16986[0m
[0mGET /api/files [33m401[0m 0.310 ms - 24[0m
[0mGET /api/storage [33m401[0m 0.341 ms - 24[0m
[0mPOST /logout [32m200[0m 0.883 ms - 11[0m
[0mPOST /login [32m200[0m 0.712 ms - 11[0m
[0mGET /api/files [32m200[0m 1.119 ms - 470[0m
[0mGET /api/storage [32m200[0m 2.000 ms - 81[0m
[0mGET /api/storage [36m304[0m 1.983 ms - -[0m
[0mGET /api/storage [36m304[0m 1.992 ms - -[0m
[0mGET /api/files [36m304[0m 0.886 ms - -[0m
[0mGET /api/storage [32m200[0m 2.083 ms - 81[0m
[0mGET /api/files [36m304[0m 0.923 ms - -[0m
[0mGET /api/storage [36m304[0m 2.346 ms - -[0m
[0mGET /api/storage [32m200[0m 2.423 ms - 81[0m
[0mGET / [36m304[0m 1.012 ms - -[0m
[0mGET /api/files [36m304[0m 1.224 ms - -[0m
[0mGET /api/storage [36m304[0m 2.674 ms - -[0m
[0mGET /api/storage [36m304[0m 2.527 ms - -[0m
[0mGET /api/storage [32m200[0m 2.169 ms - 81[0m
[0mGET /api/storage [32m200[0m 2.411 ms - 81[0m
[0mGET /api/storage [32m200[0m 0.652 ms - 81[0m
[0mGET /api/storage [32m200[0m 2.943 ms - 81[0m
[0mGET / [32m200[0m 1.689 ms - 17814[0m
[0mGET /api/storage [32m200[0m 2.131 ms - 81[0m
[0mGET /api/files [36m304[0m 0.861 ms - -[0m
[0mGET /api/storage [32m200[0m 2.526 ms - 81[0m
[0mGET /api/storage [32m200[0m 0.491 ms - 81[0m
[0mGET /api/storage [32m200[0m 2.268 ms - 81[0m
[0mGET /api/storage [32m200[0m 1.218 ms - 81[0m
[0mGET /api/storage [32m200[0m 1.923 ms - 81[0m
[0mGET / [32m200[0m 1.662 ms - 19606[0m
[0mGET /api/files [36m304[0m 1.291 ms - -[0m
[0mGET /api/storage [32m200[0m 3.019 ms - 81[0m
[0mGET /api/storage [36m304[0m 1.980 ms - -[0m
[0mGET /api/storage [32m200[0m 1.036 ms - 81[0m
[0mGET /api/storage [32m200[0m 2.441 ms - 81[0m
[0mGET /api/storage [32m200[0m 2.473 ms - 81[0m
[0mGET / [32m200[0m 1.305 ms - 19669[0m
[0mGET /api/files [36m304[0m 1.394 ms - -[0m
[0mGET /api/storage [36m304[0m 2.428 ms - -[0m
[0mGET /api/storage [32m200[0m 0.526 ms - 81[0m
[0mGET /api/storage [32m200[0m 1.874 ms - 81[0m
[0mDELETE /api/files/range.bin [32m200[0m 1.913 ms - 11[0m
[0mGET /api/files [32m200[0m 1.452 ms - 402[0m
[0mGET /api/storage [32m200[0m 2.403 ms - 81[0m
[0mDELETE /api/files/EPORNER.COM_-__4TJf8g6dSeE__Japanese_3D_MILF_handjob_for_cum__720_.mp4 [32m200[0m 16.583 ms - 11[0m
[0mGET /api/files [32m200[0m 1.277 ms - 271[0m
[0mGET /api/storage [32m200[0m 1.838 ms - 81[0m
[0mDELETE /api/files/Winlator_10.1.apk [32m200[0m 15.689 ms - 11[0m
[0mGET /api/files [32m200[0m 1.116 ms - 194[0m
[0mGET /api/storage [32m200[0m 1.439 ms - 80[0m
[0mDELETE /api/files/Vmos_mod_v3.0.9__Safefileku_.apk [32m200[0m 5.062 ms - 11[0m
[0mGET /api/files [32m200[0m 1.235 ms - 102[0m
[0mGET /api/storage [32m200[0m 0.466 ms - 79[0m
[0mDELETE /api/files/Update_Drone_View_X6_V1.9.99.zip [32m200[0m 0.822 ms - 11[0m
[0mGET /api/files [32m200[0m 0.735 ms - 12[0m
[0mGET /api/storage [32m200[0m 0.725 ms - 73[0m
[0mGET /api/storage [36m304[0m 0.936 ms - -[0m
[0mPOST /logout [32m200[0m 0.530 ms - 11[0m
[0mGET / [32m200[0m 1.451 ms - 19566[0m
[0mGET /api/files [33m401[0m 0.299 ms - 24[0m
[0mGET /api/storage [33m401[0m 0.277 ms - 24[0m
[0mPOST /api/upload/init [33m401[0m 0.288 ms - 24[0m
[0mGET /api/files [33m401[0m 0.238 ms - 24[0m
[0mGET /api/storage [33m401[0m 0.247 ms - 24[0m
[0mPOST /logout [32m200[0m 0.387 ms - 11[0m
[0mPOST /login [32m200[0m 0.603 ms - 11[0m
[0mGET /api/storage [32m200[0m 0.451 ms - 73[0m
[0mGET /api/files [36m304[0m 0.425 ms - -[0m
[0mGET /api/storage [36m304[0m 0.417 ms - -[0m
[0mGET /api/storage [32m200[0m 0.481 ms - 73[0m
[0mGET /api/files [36m304[0m 1.026 ms - -[0m
[0mGET /api/storage [36m304[0m 0.583 ms - -[0m
[0mGET / [36m304[0m 0.859 ms - -[0m
[0mGET /api/files [36m304[0m 0.418 ms - -[0m
[0mGET /api/storage [36m304[0m 0.782 ms - -[0m
[0mGET /api/storage [36m304[0m 0.710 ms - -[0m
[0mPOST /api/upload/init [32m200[0m 2.998 ms - 34[0m
[0mPUT /api/upload/chunk?uploadId=fxeyf7cs5wtme65t5sc&index=0 [32m200[0m 891.974 ms - 36[0m
[0mPUT /api/upload/chunk?uploadId=fxeyf7cs5wtme65t5sc&index=1 [32m200[0m 1527.438 ms - 36[0m
[0mGET /api/storage [32m200[0m 0.712 ms - 73[0m
[0mPUT /api/upload/chunk?uploadId=fxeyf7cs5wtme65t5sc&index=2 [32m200[0m 799.526 ms - 36[0m
[0mPUT /api/upload/chunk?uploadId=fxeyf7cs5wtme65t5sc&index=3 [32m200[0m 997.543 ms - 36[0m
[0mPUT /api/upload/chunk?uploadId=fxeyf7cs5wtme65t5sc&index=4 [32m200[0m 862.362 ms - 36[0m
[0mPUT /api/upload/chunk?uploadId=fxeyf7cs5wtme65t5sc&index=5 [32m200[0m 315.771 ms - 36[0m
[0mPUT /api/upload/chunk?uploadId=fxeyf7cs5wtme65t5sc&index=6 [32m200[0m 1982.400 ms - 36[0m
[0mGET /api/storage [32m200[0m 0.378 ms - 73[0m
[0mPUT /api/upload/chunk?uploadId=fxeyf7cs5wtme65t5sc&index=7 [32m200[0m 869.971 ms - 36[0m
[0mPUT /api/upload/chunk?uploadId=fxeyf7cs5wtme65t5sc&index=8 [32m200[0m 993.258 ms - 36[0m
[0mPUT /api/upload/chunk?uploadId=fxeyf7cs5wtme65t5sc&index=9 [32m200[0m 807.097 ms - 36[0m
[0mPUT /api/upload/chunk?uploadId=fxeyf7cs5wtme65t5sc&index=10 [32m200[0m 1001.582 ms - 37[0m
[0mPUT /api/upload/chunk?uploadId=fxeyf7cs5wtme65t5sc&index=11 [32m200[0m 1581.012 ms - 37[0m
[0mGET /api/storage [32m200[0m 0.577 ms - 73[0m
[0mPUT /api/upload/chunk?uploadId=fxeyf7cs5wtme65t5sc&index=12 [32m200[0m 857.671 ms - 37[0m
[0mPUT /api/upload/chunk?uploadId=fxeyf7cs5wtme65t5sc&index=13 [32m200[0m 927.317 ms - 37[0m
